<?xml version="1.0" encoding="UTF-8"?>
<!-- Generated by org.testng.reporters.JUnitReportReporter -->
<testsuite hostname="Mohit-PC" name="Steps.CatFishTest" tests="1" failures="0" timestamp="19 Feb 2019 16:23:32 GMT" time="11.947" errors="0">
  <testcase name="catfishtest" time="11.947" classname="Steps.CatFishTest"/>
</testsuite> <!-- Steps.CatFishTest -->
